# JRE version: OpenJDK Runtime Environment (8.0_152-b01) (build 1.8.0_152-release-1343-b01)
# Java VM: OpenJDK 64-Bit Server VM (25.152-b01 mixed mode windows-amd64 compressed oops)
Heap:
 PSYoungGen      total 339968K, used 144888K [0x00000000e0000000, 0x00000000ff780000, 0x0000000100000000)
  eden space 219136K, 17% used [0x00000000e0000000,0x00000000e253bf78,0x00000000ed600000)
  from space 120832K, 88% used [0x00000000ed600000,0x00000000f3e42410,0x00000000f4c00000)
  to   space 136704K, 0% used [0x00000000f7200000,0x00000000f7200000,0x00000000ff780000)
 ParOldGen       total 184320K, used 140415K [0x00000000a0000000, 0x00000000ab400000, 0x00000000e0000000)
  object space 184320K, 76% used [0x00000000a0000000,0x00000000a891ff28,0x00000000ab400000)
 Metaspace       used 142325K, capacity 151134K, committed 151192K, reserved 1181696K
  class space    used 18121K, capacity 19604K, committed 19608K, reserved 1048576K
GC Heap History (10 events):
Event: 8186.270 GC heap before
{Heap before GC invocations=63 (full 4):
 PSYoungGen      total 268288K, used 262358K [0x00000000e0000000, 0x00000000f3d00000, 0x0000000100000000)
  eden space 227840K, 100% used [0x00000000e0000000,0x00000000ede80000,0x00000000ede80000)
  from space 40448K, 85% used [0x00000000f0a80000,0x00000000f2c35ac0,0x00000000f3200000)
  to   space 45056K, 0% used [0x00000000ede80000,0x00000000ede80000,0x00000000f0a80000)
 ParOldGen       total 184320K, used 48701K [0x00000000a0000000, 0x00000000ab400000, 0x00000000e0000000)
  object space 184320K, 26% used [0x00000000a0000000,0x00000000a2f8f728,0x00000000ab400000)
 Metaspace       used 115097K, capacity 122146K, committed 122392K, reserved 1155072K
  class space    used 14603K, capacity 15835K, committed 15896K, reserved 1048576K
Event: 8186.318 GC heap after
Heap after GC invocations=63 (full 4):
 PSYoungGen      total 272896K, used 45024K [0x00000000e0000000, 0x00000000f4d80000, 0x0000000100000000)
  eden space 227840K, 0% used [0x00000000e0000000,0x00000000e0000000,0x00000000ede80000)
  from space 45056K, 99% used [0x00000000ede80000,0x00000000f0a78360,0x00000000f0a80000)
  to   space 53760K, 0% used [0x00000000f1900000,0x00000000f1900000,0x00000000f4d80000)
 ParOldGen       total 184320K, used 51013K [0x00000000a0000000, 0x00000000ab400000, 0x00000000e0000000)
  object space 184320K, 27% used [0x00000000a0000000,0x00000000a31d1660,0x00000000ab400000)
 Metaspace       used 115097K, capacity 122146K, committed 122392K, reserved 1155072K
  class space    used 14603K, capacity 15835K, committed 15896K, reserved 1048576K
}
Event: 8190.512 GC heap before
{Heap before GC invocations=64 (full 4):
 PSYoungGen      total 272896K, used 272864K [0x00000000e0000000, 0x00000000f4d80000, 0x0000000100000000)
  eden space 227840K, 100% used [0x00000000e0000000,0x00000000ede80000,0x00000000ede80000)
  from space 45056K, 99% used [0x00000000ede80000,0x00000000f0a78360,0x00000000f0a80000)
  to   space 53760K, 0% used [0x00000000f1900000,0x00000000f1900000,0x00000000f4d80000)
 ParOldGen       total 184320K, used 51013K [0x00000000a0000000, 0x00000000ab400000, 0x00000000e0000000)
  object space 184320K, 27% used [0x00000000a0000000,0x00000000a31d1660,0x00000000ab400000)
 Metaspace       used 122822K, capacity 130432K, committed 130712K, reserved 1163264K
  class space    used 15709K, capacity 16988K, committed 17048K, reserved 1048576K
Event: 8190.586 GC heap after
Heap after GC invocations=64 (full 4):
 PSYoungGen      total 263680K, used 53728K [0x00000000e0000000, 0x00000000f8180000, 0x0000000100000000)
  eden space 209920K, 0% used [0x00000000e0000000,0x00000000e0000000,0x00000000ecd00000)
  from space 53760K, 99% used [0x00000000f1900000,0x00000000f4d783f8,0x00000000f4d80000)
  to   space 77824K, 0% used [0x00000000ecd00000,0x00000000ecd00000,0x00000000f1900000)
 ParOldGen       total 184320K, used 92564K [0x00000000a0000000, 0x00000000ab400000, 0x00000000e0000000)
  object space 184320K, 50% used [0x00000000a0000000,0x00000000a5a65150,0x00000000ab400000)
 Metaspace       used 122822K, capacity 130432K, committed 130712K, reserved 1163264K
  class space    used 15709K, capacity 16988K, committed 17048K, reserved 1048576K
}
Event: 8192.369 GC heap before
{Heap before GC invocations=65 (full 4):
 PSYoungGen      total 263680K, used 263648K [0x00000000e0000000, 0x00000000f8180000, 0x0000000100000000)
  eden space 209920K, 100% used [0x00000000e0000000,0x00000000ecd00000,0x00000000ecd00000)
  from space 53760K, 99% used [0x00000000f1900000,0x00000000f4d783f8,0x00000000f4d80000)
  to   space 77824K, 0% used [0x00000000ecd00000,0x00000000ecd00000,0x00000000f1900000)
 ParOldGen       total 184320K, used 92564K [0x00000000a0000000, 0x00000000ab400000, 0x00000000e0000000)
  object space 184320K, 50% used [0x00000000a0000000,0x00000000a5a65150,0x00000000ab400000)
 Metaspace       used 123424K, capacity 131062K, committed 131224K, reserved 1163264K
  class space    used 15727K, capacity 17027K, committed 17048K, reserved 1048576K
Event: 8192.485 GC heap after
Heap after GC invocations=65 (full 4):
 PSYoungGen      total 287744K, used 77811K [0x00000000e0000000, 0x00000000fb680000, 0x0000000100000000)
  eden space 209920K, 0% used [0x00000000e0000000,0x00000000e0000000,0x00000000ecd00000)
  from space 77824K, 99% used [0x00000000ecd00000,0x00000000f18fcca0,0x00000000f1900000)
  to   space 109056K, 0% used [0x00000000f4c00000,0x00000000f4c00000,0x00000000fb680000)
 ParOldGen       total 184320K, used 140355K [0x00000000a0000000, 0x00000000ab400000, 0x00000000e0000000)
  object space 184320K, 76% used [0x00000000a0000000,0x00000000a8910ef8,0x00000000ab400000)
 Metaspace       used 123424K, capacity 131062K, committed 131224K, reserved 1163264K
  class space    used 15727K, capacity 17027K, committed 17048K, reserved 1048576K
}
Event: 8205.933 GC heap before
{Heap before GC invocations=66 (full 4):
 PSYoungGen      total 287744K, used 287731K [0x00000000e0000000, 0x00000000fb680000, 0x0000000100000000)
  eden space 209920K, 100% used [0x00000000e0000000,0x00000000ecd00000,0x00000000ecd00000)
  from space 77824K, 99% used [0x00000000ecd00000,0x00000000f18fcca0,0x00000000f1900000)
  to   space 109056K, 0% used [0x00000000f4c00000,0x00000000f4c00000,0x00000000fb680000)
 ParOldGen       total 184320K, used 140355K [0x00000000a0000000, 0x00000000ab400000, 0x00000000e0000000)
  object space 184320K, 76% used [0x00000000a0000000,0x00000000a8910ef8,0x00000000ab400000)
 Metaspace       used 132177K, capacity 140264K, committed 140440K, reserved 1171456K
  class space    used 16686K, capacity 18068K, committed 18072K, reserved 1048576K
Event: 8206.041 GC heap after
Heap after GC invocations=66 (full 4):
 PSYoungGen      total 328192K, used 87887K [0x00000000e0000000, 0x00000000fcb80000, 0x0000000100000000)
  eden space 219136K, 0% used [0x00000000e0000000,0x00000000e0000000,0x00000000ed600000)
  from space 109056K, 80% used [0x00000000f4c00000,0x00000000fa1d3d80,0x00000000fb680000)
  to   space 120832K, 0% used [0x00000000ed600000,0x00000000ed600000,0x00000000f4c00000)
 ParOldGen       total 184320K, used 140407K [0x00000000a0000000, 0x00000000ab400000, 0x00000000e0000000)
  object space 184320K, 76% used [0x00000000a0000000,0x00000000a891df28,0x00000000ab400000)
 Metaspace       used 132177K, capacity 140264K, committed 140440K, reserved 1171456K
  class space    used 16686K, capacity 18068K, committed 18072K, reserved 1048576K
}
Event: 8208.218 GC heap before
{Heap before GC invocations=67 (full 4):
 PSYoungGen      total 328192K, used 307023K [0x00000000e0000000, 0x00000000fcb80000, 0x0000000100000000)
  eden space 219136K, 100% used [0x00000000e0000000,0x00000000ed600000,0x00000000ed600000)
  from space 109056K, 80% used [0x00000000f4c00000,0x00000000fa1d3d80,0x00000000fb680000)
  to   space 120832K, 0% used [0x00000000ed600000,0x00000000ed600000,0x00000000f4c00000)
 ParOldGen       total 184320K, used 140407K [0x00000000a0000000, 0x00000000ab400000, 0x00000000e0000000)
  object space 184320K, 76% used [0x00000000a0000000,0x00000000a891df28,0x00000000ab400000)
 Metaspace       used 141626K, capacity 150450K, committed 150680K, reserved 1179648K
  class space    used 18043K, capacity 19506K, committed 19608K, reserved 1048576K
Event: 8208.307 GC heap after
Heap after GC invocations=67 (full 4):
 PSYoungGen      total 339968K, used 106761K [0x00000000e0000000, 0x00000000ff780000, 0x0000000100000000)
  eden space 219136K, 0% used [0x00000000e0000000,0x00000000e0000000,0x00000000ed600000)
  from space 120832K, 88% used [0x00000000ed600000,0x00000000f3e42410,0x00000000f4c00000)
  to   space 136704K, 0% used [0x00000000f7200000,0x00000000f7200000,0x00000000ff780000)
 ParOldGen       total 184320K, used 140415K [0x00000000a0000000, 0x00000000ab400000, 0x00000000e0000000)
  object space 184320K, 76% used [0x00000000a0000000,0x00000000a891ff28,0x00000000ab400000)
 Metaspace       used 141626K, capacity 150450K, committed 150680K, reserved 1179648K
  class space    used 18043K, capacity 19506K, committed 19608K, reserved 1048576K
}

